0 info it worked if it ends with ok
1 verbose cli [ '/home/teja9999/.nvm/v0.10.40/bin/node',
1 verbose cli   '/home/teja9999/.nvm/v0.10.40/bin/npm',
1 verbose cli   'install',
1 verbose cli   '-g',
1 verbose cli   'bower' ]
2 info using npm@1.4.28
3 info using node@v0.10.40
4 verbose cache add [ 'bower', null ]
5 verbose cache add name=undefined spec="bower" args=["bower",null]
6 verbose parsed url { protocol: null,
6 verbose parsed url   slashes: null,
6 verbose parsed url   auth: null,
6 verbose parsed url   host: null,
6 verbose parsed url   port: null,
6 verbose parsed url   hostname: null,
6 verbose parsed url   hash: null,
6 verbose parsed url   search: null,
6 verbose parsed url   query: null,
6 verbose parsed url   pathname: 'bower',
6 verbose parsed url   path: 'bower',
6 verbose parsed url   href: 'bower' }
7 silly lockFile 206e3ce5-bower bower
8 verbose lock bower /home/teja9999/.npm/206e3ce5-bower.lock
9 silly lockFile 206e3ce5-bower bower
10 silly lockFile 206e3ce5-bower bower
11 verbose addNamed [ 'bower', '' ]
12 verbose addNamed [ null, '*' ]
13 silly lockFile 1240aab1-bower bower@
14 verbose lock bower@ /home/teja9999/.npm/1240aab1-bower.lock
15 silly addNameRange { name: 'bower', range: '*', hasData: false }
16 verbose request where is /bower
17 verbose request registry https://registry.npmjs.org/
18 verbose request id f97721510a05068f
19 verbose url raw /bower
20 verbose url resolving [ 'https://registry.npmjs.org/', './bower' ]
21 verbose url resolved https://registry.npmjs.org/bower
22 verbose request where is https://registry.npmjs.org/bower
23 info trying registry request attempt 1 at 22:45:47
24 verbose etag "BWV73V8ZTPVRGMNI1EYSE0Y42"
25 http GET https://registry.npmjs.org/bower
26 http 304 https://registry.npmjs.org/bower
27 silly registry.get cb [ 304,
27 silly registry.get   { date: 'Wed, 28 Oct 2015 17:15:48 GMT',
27 silly registry.get     via: '1.1 varnish',
27 silly registry.get     'cache-control': 'max-age=60',
27 silly registry.get     etag: '"BWV73V8ZTPVRGMNI1EYSE0Y42"',
27 silly registry.get     age: '0',
27 silly registry.get     connection: 'keep-alive',
27 silly registry.get     'x-served-by': 'cache-sin6921-SIN',
27 silly registry.get     'x-cache': 'HIT',
27 silly registry.get     'x-cache-hits': '1',
27 silly registry.get     'x-timer': 'S1446052548.525056,VS0,VE258',
27 silly registry.get     vary: 'Accept' } ]
28 verbose etag https://registry.npmjs.org/bower from cache
29 silly addNameRange number 2 { name: 'bower', range: '*', hasData: true }
30 silly addNameRange versions [ 'bower',
30 silly addNameRange   [ '0.1.0',
30 silly addNameRange     '0.1.2',
30 silly addNameRange     '0.1.3',
30 silly addNameRange     '0.2.0',
30 silly addNameRange     '0.3.0',
30 silly addNameRange     '0.3.1',
30 silly addNameRange     '0.3.2',
30 silly addNameRange     '0.4.0',
30 silly addNameRange     '0.5.0',
30 silly addNameRange     '0.5.1',
30 silly addNameRange     '0.6.0',
30 silly addNameRange     '0.6.1',
30 silly addNameRange     '0.6.2',
30 silly addNameRange     '0.6.3',
30 silly addNameRange     '0.6.4',
30 silly addNameRange     '0.6.5',
30 silly addNameRange     '0.6.6',
30 silly addNameRange     '0.6.7',
30 silly addNameRange     '0.6.8',
30 silly addNameRange     '0.7.0',
30 silly addNameRange     '0.7.1',
30 silly addNameRange     '0.8.0',
30 silly addNameRange     '0.8.1',
30 silly addNameRange     '0.8.2',
30 silly addNameRange     '0.8.3',
30 silly addNameRange     '0.8.4',
30 silly addNameRange     '0.8.5',
30 silly addNameRange     '0.8.6',
30 silly addNameRange     '0.9.0',
30 silly addNameRange     '0.9.1',
30 silly addNameRange     '0.9.2',
30 silly addNameRange     '0.10.0',
30 silly addNameRange     '1.0.0',
30 silly addNameRange     '1.0.1',
30 silly addNameRange     '1.0.2',
30 silly addNameRange     '1.0.3',
30 silly addNameRange     '1.1.0',
30 silly addNameRange     '1.1.1',
30 silly addNameRange     '1.1.2',
30 silly addNameRange     '1.2.0',
30 silly addNameRange     '1.2.1',
30 silly addNameRange     '1.2.2',
30 silly addNameRange     '1.2.3',
30 silly addNameRange     '1.2.4',
30 silly addNameRange     '1.2.5',
30 silly addNameRange     '1.2.6',
30 silly addNameRange     '1.2.7',
30 silly addNameRange     '1.2.8',
30 silly addNameRange     '1.3.0',
30 silly addNameRange     '1.3.1',
30 silly addNameRange     '1.3.2',
30 silly addNameRange     '1.3.3',
30 silly addNameRange     '1.3.4',
30 silly addNameRange     '1.3.5',
30 silly addNameRange     '1.3.6',
30 silly addNameRange     '1.3.7',
30 silly addNameRange     '1.3.8',
30 silly addNameRange     '1.3.9',
30 silly addNameRange     '1.3.10',
30 silly addNameRange     '1.3.11',
30 silly addNameRange     '1.3.12',
30 silly addNameRange     '1.4.0',
30 silly addNameRange     '1.4.1',
30 silly addNameRange     '1.5.0',
30 silly addNameRange     '1.5.1',
30 silly addNameRange     '1.5.2',
30 silly addNameRange     '1.5.3',
30 silly addNameRange     '1.6.2',
30 silly addNameRange     '1.6.3',
30 silly addNameRange     '1.6.4',
30 silly addNameRange     '1.6.5' ] ]
31 verbose addNamed [ 'bower', '1.6.5' ]
32 verbose addNamed [ '1.6.5', '1.6.5' ]
33 silly lockFile ffc9c2be-bower-1-6-5 bower@1.6.5
34 verbose lock bower@1.6.5 /home/teja9999/.npm/ffc9c2be-bower-1-6-5.lock
35 silly lockFile 7ae313f5--npmjs-org-bower-bower-1-6-5-tgz https://registry.npmjs.org/bower/-/bower-1.6.5.tgz
36 verbose lock https://registry.npmjs.org/bower/-/bower-1.6.5.tgz /home/teja9999/.npm/7ae313f5--npmjs-org-bower-bower-1-6-5-tgz.lock
37 verbose addRemoteTarball [ 'https://registry.npmjs.org/bower/-/bower-1.6.5.tgz',
37 verbose addRemoteTarball   '59d457122a161e42cc1625bbab8179c214b7ac11' ]
38 silly lockFile 7ae313f5--npmjs-org-bower-bower-1-6-5-tgz https://registry.npmjs.org/bower/-/bower-1.6.5.tgz
39 silly lockFile 7ae313f5--npmjs-org-bower-bower-1-6-5-tgz https://registry.npmjs.org/bower/-/bower-1.6.5.tgz
40 silly lockFile ffc9c2be-bower-1-6-5 bower@1.6.5
41 silly lockFile ffc9c2be-bower-1-6-5 bower@1.6.5
42 silly lockFile 1240aab1-bower bower@
43 silly lockFile 1240aab1-bower bower@
44 error nospc ENOSPC, mkdir '/tmp/npm-7257-tltf2mNP'
44 error nospc This is most likely not a problem with npm itself
44 error nospc and is related to insufficient space on your system.
45 error System Linux 3.19.0-21-generic
46 error command "/home/teja9999/.nvm/v0.10.40/bin/node" "/home/teja9999/.nvm/v0.10.40/bin/npm" "install" "-g" "bower"
47 error cwd /home/teja9999/Vedik/Vedik
48 error node -v v0.10.40
49 error npm -v 1.4.28
50 error path /tmp/npm-7257-tltf2mNP
51 error code ENOSPC
52 error errno 54
53 verbose exit [ 54, true ]
